Using pre-set license
Built from '2020.3/staging' branch; Version is '2020.3.16f1 (049d6eca3c44) revision 302446'; Using compiler version '192528614'; Build Type 'Release'
OS: 'Windows 10 Home; OS build 19043.1237; Version 2009; 64bit' Language: 'en' Physical Memory: 16299 MB
BatchMode: 1, IsHumanControllingUs: 0, StartBugReporterOnCrash: 0, Is64bit: 1, IsPro: 0

 COMMAND LINE ARGUMENTS:
C:\Program Files\Unity\Editor\Unity.exe
-adb2
-batchMode
-noUpm
-name
AssetImportWorker0
-projectPath
E:/Documents/Art/College Projects/DIG 3480/Sound & Animation/Tutorial 1.5
-logFile
Logs/AssetImportWorker0.log
-srvPort
54329
Successfully changed project path to: E:/Documents/Art/College Projects/DIG 3480/Sound & Animation/Tutorial 1.5
E:/Documents/Art/College Projects/DIG 3480/Sound & Animation/Tutorial 1.5
Using Asset Import Pipeline V2.
Refreshing native plugins compatible for Editor in 40.50 ms, found 3 plugins.
Preloading 0 native plugins for Editor in 0.00 ms.
Initialize engine version: 2020.3.16f1 (049d6eca3c44)
[Subsystems] Discovering subsystems at path C:/Program Files/Unity/Editor/Data/Resources/UnitySubsystems
[Subsystems] Discovering subsystems at path E:/Documents/Art/College Projects/DIG 3480/Sound & Animation/Tutorial 1.5/Assets
GfxDevice: creating device client; threaded=0
Direct3D:
    Version:  Direct3D 11.0 [level 11.1]
    Renderer: NVIDIA GeForce GTX 1070 Ti (ID=0x1b82)
    Vendor:   
    VRAM:     8079 MB
    Driver:   27.21.14.6677
Initialize mono
Mono path[0] = 'C:/Program Files/Unity/Editor/Data/Managed'
Mono path[1] = 'C:/Program Files/Unity/Editor/Data/MonoBleedingEdge/lib/mono/unityjit'
Mono config path = 'C:/Program Files/Unity/Editor/Data/MonoBleedingEdge/etc'
Using monoOptions --debugger-agent=transport=dt_socket,embedding=1,server=y,suspend=n,address=127.0.0.1:56132
Begin MonoManager ReloadAssembly
Registering precompiled unity dll's ...
Register platform support module: C:/Program Files/Unity/Editor/Data/PlaybackEngines/WindowsStandaloneSupport/UnityEditor.WindowsStandalone.Extensions.dll
Registered in 0.001778 seconds.
Native extension for WindowsStandalone target not found
Refreshing native plugins compatible for Editor in 36.46 ms, found 3 plugins.
Preloading 0 native plugins for Editor in 0.00 ms.
Mono: successfully reloaded assembly
- Completed reload, in  0.891 seconds
Domain Reload Profiling:
	ReloadAssembly (891ms)
		BeginReloadAssembly (47ms)
			ExecutionOrderSort (0ms)
			DisableScriptedObjects (0ms)
			BackupInstance (0ms)
			ReleaseScriptingObjects (0ms)
			CreateAndSetChildDomain (1ms)
		EndReloadAssembly (362ms)
			LoadAssemblies (45ms)
			RebuildTransferFunctionScriptingTraits (0ms)
			SetupTypeCache (133ms)
			ReleaseScriptCaches (0ms)
			RebuildScriptCaches (28ms)
			SetupLoadedEditorAssemblies (145ms)
				LogAssemblyErrors (0ms)
				InitializePlatformSupportModulesInManaged (4ms)
				SetLoadedEditorAssemblies (0ms)
				RefreshPlugins (37ms)
				BeforeProcessingInitializeOnLoad (7ms)
				ProcessInitializeOnLoadAttributes (71ms)
				ProcessInitializeOnLoadMethodAttributes (26ms)
				AfterProcessingInitializeOnLoad (0ms)
				EditorAssembliesLoaded (0ms)
			ExecutionOrderSort2 (0ms)
			AwakeInstancesAfterBackupRestoration (0ms)
Platform modules already initialized, skipping
Registering precompiled user dll's ...
Registered in 0.006839 seconds.
Begin MonoManager ReloadAssembly
Native extension for WindowsStandalone target not found
Refreshing native plugins compatible for Editor in 36.21 ms, found 3 plugins.
Preloading 0 native plugins for Editor in 0.00 ms.
Mono: successfully reloaded assembly
- Completed reload, in  1.123 seconds
Domain Reload Profiling:
	ReloadAssembly (1125ms)
		BeginReloadAssembly (130ms)
			ExecutionOrderSort (0ms)
			DisableScriptedObjects (4ms)
			BackupInstance (0ms)
			ReleaseScriptingObjects (0ms)
			CreateAndSetChildDomain (16ms)
		EndReloadAssembly (937ms)
			LoadAssemblies (91ms)
			RebuildTransferFunctionScriptingTraits (0ms)
			SetupTypeCache (298ms)
			ReleaseScriptCaches (0ms)
			RebuildScriptCaches (42ms)
			SetupLoadedEditorAssemblies (389ms)
				LogAssemblyErrors (0ms)
				InitializePlatformSupportModulesInManaged (4ms)
				SetLoadedEditorAssemblies (0ms)
				RefreshPlugins (36ms)
				BeforeProcessingInitializeOnLoad (72ms)
				ProcessInitializeOnLoadAttributes (259ms)
				ProcessInitializeOnLoadMethodAttributes (12ms)
				AfterProcessingInitializeOnLoad (6ms)
				EditorAssembliesLoaded (0ms)
			ExecutionOrderSort2 (0ms)
			AwakeInstancesAfterBackupRestoration (7ms)
Platform modules already initialized, skipping
========================================================================
Worker process is ready to serve import requests
Launched and connected shader compiler UnityShaderCompiler.exe after 0.07 seconds
Refreshing native plugins compatible for Editor in 0.40 ms, found 3 plugins.
Preloading 0 native plugins for Editor in 0.00 ms.
Unloading 2092 Unused Serialized files (Serialized files now loaded: 0)
System memory in use before: 93.0 MB.
System memory in use after: 93.1 MB.

Unloading 28 unused Assets to reduce memory usage. Loaded Objects now: 2529.
Total: 2.978800 ms (FindLiveObjects: 0.204800 ms CreateObjectMapping: 0.070200 ms MarkObjects: 2.644700 ms  DeleteObjects: 0.058400 ms)

AssetImportParameters requested are different than current active one (requested -> active):
  custom:framework-win-MediaFoundation: 216162199b28c13a410421893ffa2e32 -> 
  custom:video-decoder-ogg-theora: a1e56fd34408186e4bbccfd4996cb3dc -> 
  custom:container-muxer-webm: aa71ff27fc2769a1b78a27578f13a17b -> 
  custom:container-demuxer-webm: 4f35f7cbe854078d1ac9338744f61a02 -> 
  custom:container-demuxer-ogg: 62fdf1f143b41e24485cea50d1cbac27 -> 
  custom:video-encoder-webm-vp8: eb34c28f22e8b96e1ab97ce403110664 -> 
  custom:video-decoder-webm-vp8: 9c59270c3fd7afecdb556c50c9e8de78 -> 
  custom:audio-decoder-ogg-vorbis: bf7c407c2cedff20999df2af8eb42d56 -> 
  custom:audio-encoder-webm-vorbis: bf7c407c2cedff20999df2af8eb42d56 -> 
========================================================================
Received Import Request.
  path: Assets/Animations
  artifactKey: Guid(b73b9cbadce57fc4597394a4fc0f5120) Importer(815301076,1909f56bfc062723c751e8b465ee728b)
Start importing Assets/Animations using Guid(b73b9cbadce57fc4597394a4fc0f5120) Importer(815301076,1909f56bfc062723c751e8b465ee728b)  -> (artifact id: '763601b02b4d10088db995f51ddf3887') in 0.008044 seconds 
  Import took 0.010860 seconds .

========================================================================
Received Import Request.
  Time since last request: 3.067214 seconds.
  path: Assets/Sounds
  artifactKey: Guid(f6e13718bd87ae34ba73753bae19f464) Importer(815301076,1909f56bfc062723c751e8b465ee728b)
Start importing Assets/Sounds using Guid(f6e13718bd87ae34ba73753bae19f464) Importer(815301076,1909f56bfc062723c751e8b465ee728b)  -> (artifact id: 'e0e541c04c336015d7fa574bd98d547e') in 0.007805 seconds 
  Import took 0.010780 seconds .

========================================================================
Received Import Request.
  Time since last request: 7.703389 seconds.
  path: Assets/Sprites
  artifactKey: Guid(f940d8040d19e5a4f9d1149f960bd53f) Importer(815301076,1909f56bfc062723c751e8b465ee728b)
Start importing Assets/Sprites using Guid(f940d8040d19e5a4f9d1149f960bd53f) Importer(815301076,1909f56bfc062723c751e8b465ee728b)  -> (artifact id: 'dd56e8f000f8dd8e3b7774206d3a2d10') in 0.009861 seconds 
  Import took 0.012917 seconds .

========================================================================
Received Import Request.
  Time since last request: 8.429885 seconds.
  path: Assets/Scripts
  artifactKey: Guid(da1c41762c4b42143a7fe52312bb9897) Importer(815301076,1909f56bfc062723c751e8b465ee728b)
Start importing Assets/Scripts using Guid(da1c41762c4b42143a7fe52312bb9897) Importer(815301076,1909f56bfc062723c751e8b465ee728b)  -> (artifact id: '2e9059a9b1a4d800a0075c55c73d1f62') in 0.006020 seconds 
  Import took 0.008849 seconds .

========================================================================
Received Import Request.
  Time since last request: 12.650851 seconds.
  path: Assets/CatController.cs
  artifactKey: Guid(4f9e811f9197b7c41a28e364f9cffc4f) Importer(815301076,1909f56bfc062723c751e8b465ee728b)
Start importing Assets/CatController.cs using Guid(4f9e811f9197b7c41a28e364f9cffc4f) Importer(815301076,1909f56bfc062723c751e8b465ee728b)  -> (artifact id: '8ee33e0de2a47be388881cfcf36be1f6') in 0.035954 seconds 
  Import took 0.038904 seconds .

========================================================================
Received Prepare
Registering precompiled user dll's ...
Registered in 0.006083 seconds.
Begin MonoManager ReloadAssembly
Native extension for WindowsStandalone target not found
Refreshing native plugins compatible for Editor in 0.41 ms, found 3 plugins.
Preloading 0 native plugins for Editor in 0.00 ms.
Mono: successfully reloaded assembly
- Completed reload, in  0.980 seconds
Domain Reload Profiling:
	ReloadAssembly (981ms)
		BeginReloadAssembly (107ms)
			ExecutionOrderSort (0ms)
			DisableScriptedObjects (5ms)
			BackupInstance (0ms)
			ReleaseScriptingObjects (0ms)
			CreateAndSetChildDomain (31ms)
		EndReloadAssembly (812ms)
			LoadAssemblies (89ms)
			RebuildTransferFunctionScriptingTraits (0ms)
			SetupTypeCache (254ms)
			ReleaseScriptCaches (1ms)
			RebuildScriptCaches (37ms)
			SetupLoadedEditorAssemblies (332ms)
				LogAssemblyErrors (0ms)
				InitializePlatformSupportModulesInManaged (4ms)
				SetLoadedEditorAssemblies (0ms)
				RefreshPlugins (0ms)
				BeforeProcessingInitializeOnLoad (74ms)
				ProcessInitializeOnLoadAttributes (241ms)
				ProcessInitializeOnLoadMethodAttributes (6ms)
				AfterProcessingInitializeOnLoad (6ms)
				EditorAssembliesLoaded (0ms)
			ExecutionOrderSort2 (0ms)
			AwakeInstancesAfterBackupRestoration (10ms)
Platform modules already initialized, skipping
Refreshing native plugins compatible for Editor in 0.42 ms, found 3 plugins.
Preloading 0 native plugins for Editor in 0.00 ms.
Unloading 2082 Unused Serialized files (Serialized files now loaded: 0)
System memory in use before: 92.5 MB.
System memory in use after: 92.6 MB.

Unloading 16 unused Assets to reduce memory usage. Loaded Objects now: 2532.
Total: 2.887200 ms (FindLiveObjects: 0.179800 ms CreateObjectMapping: 0.064200 ms MarkObjects: 2.623200 ms  DeleteObjects: 0.018700 ms)

AssetImportParameters requested are different than current active one (requested -> active):
  custom:framework-win-MediaFoundation: 216162199b28c13a410421893ffa2e32 -> 
  custom:video-decoder-ogg-theora: a1e56fd34408186e4bbccfd4996cb3dc -> 
  custom:container-muxer-webm: aa71ff27fc2769a1b78a27578f13a17b -> 
  custom:container-demuxer-webm: 4f35f7cbe854078d1ac9338744f61a02 -> 
  custom:container-demuxer-ogg: 62fdf1f143b41e24485cea50d1cbac27 -> 
  custom:video-encoder-webm-vp8: eb34c28f22e8b96e1ab97ce403110664 -> 
  custom:video-decoder-webm-vp8: 9c59270c3fd7afecdb556c50c9e8de78 -> 
  custom:audio-decoder-ogg-vorbis: bf7c407c2cedff20999df2af8eb42d56 -> 
  custom:audio-encoder-webm-vorbis: bf7c407c2cedff20999df2af8eb42d56 -> 
========================================================================
Received Prepare
Registering precompiled user dll's ...
Registered in 0.007083 seconds.
Begin MonoManager ReloadAssembly
Native extension for WindowsStandalone target not found
Refreshing native plugins compatible for Editor in 0.63 ms, found 3 plugins.
Preloading 0 native plugins for Editor in 0.00 ms.
Mono: successfully reloaded assembly
- Completed reload, in  1.058 seconds
Domain Reload Profiling:
	ReloadAssembly (1058ms)
		BeginReloadAssembly (113ms)
			ExecutionOrderSort (0ms)
			DisableScriptedObjects (9ms)
			BackupInstance (0ms)
			ReleaseScriptingObjects (0ms)
			CreateAndSetChildDomain (39ms)
		EndReloadAssembly (882ms)
			LoadAssemblies (97ms)
			RebuildTransferFunctionScriptingTraits (0ms)
			SetupTypeCache (281ms)
			ReleaseScriptCaches (1ms)
			RebuildScriptCaches (43ms)
			SetupLoadedEditorAssemblies (353ms)
				LogAssemblyErrors (0ms)
				InitializePlatformSupportModulesInManaged (5ms)
				SetLoadedEditorAssemblies (1ms)
				RefreshPlugins (1ms)
				BeforeProcessingInitializeOnLoad (73ms)
				ProcessInitializeOnLoadAttributes (261ms)
				ProcessInitializeOnLoadMethodAttributes (6ms)
				AfterProcessingInitializeOnLoad (6ms)
				EditorAssembliesLoaded (0ms)
			ExecutionOrderSort2 (0ms)
			AwakeInstancesAfterBackupRestoration (10ms)
Platform modules already initialized, skipping
Refreshing native plugins compatible for Editor in 0.47 ms, found 3 plugins.
Preloading 0 native plugins for Editor in 0.00 ms.
Unloading 2082 Unused Serialized files (Serialized files now loaded: 0)
System memory in use before: 92.5 MB.
System memory in use after: 92.7 MB.

Unloading 16 unused Assets to reduce memory usage. Loaded Objects now: 2535.
Total: 3.760900 ms (FindLiveObjects: 0.429800 ms CreateObjectMapping: 0.243900 ms MarkObjects: 3.063200 ms  DeleteObjects: 0.022600 ms)

AssetImportParameters requested are different than current active one (requested -> active):
  custom:framework-win-MediaFoundation: 216162199b28c13a410421893ffa2e32 -> 
  custom:video-decoder-ogg-theora: a1e56fd34408186e4bbccfd4996cb3dc -> 
  custom:container-muxer-webm: aa71ff27fc2769a1b78a27578f13a17b -> 
  custom:container-demuxer-webm: 4f35f7cbe854078d1ac9338744f61a02 -> 
  custom:container-demuxer-ogg: 62fdf1f143b41e24485cea50d1cbac27 -> 
  custom:video-encoder-webm-vp8: eb34c28f22e8b96e1ab97ce403110664 -> 
  custom:video-decoder-webm-vp8: 9c59270c3fd7afecdb556c50c9e8de78 -> 
  custom:audio-decoder-ogg-vorbis: bf7c407c2cedff20999df2af8eb42d56 -> 
  custom:audio-encoder-webm-vorbis: bf7c407c2cedff20999df2af8eb42d56 -> 
========================================================================
Received Import Request.
  Time since last request: 147.832131 seconds.
  path: Assets/Sprites/Dead (1).png
  artifactKey: Guid(991ebeac7fadac34d9170adff2f6d2f2) Importer(815301076,1909f56bfc062723c751e8b465ee728b)
Start importing Assets/Sprites/Dead (1).png using Guid(991ebeac7fadac34d9170adff2f6d2f2) Importer(815301076,1909f56bfc062723c751e8b465ee728b)  -> (artifact id: '8f0c22d7828f9dad88ec485d4c6c7056') in 0.103080 seconds 
  Import took 0.106246 seconds .

========================================================================
Received Import Request.
  Time since last request: 0.000259 seconds.
  path: Assets/Sprites/Idle (2).png
  artifactKey: Guid(a1c1ecd313dd70d4a8da46026d070181) Importer(815301076,1909f56bfc062723c751e8b465ee728b)
Start importing Assets/Sprites/Idle (2).png using Guid(a1c1ecd313dd70d4a8da46026d070181) Importer(815301076,1909f56bfc062723c751e8b465ee728b)  -> (artifact id: 'a1b11467842292b3976825701c1ee9af') in 0.017374 seconds 
  Import took 0.020128 seconds .

========================================================================
Received Import Request.
  Time since last request: 0.000243 seconds.
  path: Assets/Sprites/Dead (4).png
  artifactKey: Guid(88a53cb67b2184e49a0968eb2b4fe361) Importer(815301076,1909f56bfc062723c751e8b465ee728b)
Start importing Assets/Sprites/Dead (4).png using Guid(88a53cb67b2184e49a0968eb2b4fe361) Importer(815301076,1909f56bfc062723c751e8b465ee728b)  -> (artifact id: '2d15cc1742646989a16ee94915687a53') in 0.014836 seconds 
  Import took 0.017630 seconds .

========================================================================
Received Import Request.
  Time since last request: 0.000179 seconds.
  path: Assets/Sprites/Fall (2).png
  artifactKey: Guid(684de7cff3b02f04ebd3e88aa6e952d9) Importer(815301076,1909f56bfc062723c751e8b465ee728b)
Start importing Assets/Sprites/Fall (2).png using Guid(684de7cff3b02f04ebd3e88aa6e952d9) Importer(815301076,1909f56bfc062723c751e8b465ee728b)  -> (artifact id: '81b67d7da037018999755c64562901f8') in 0.016544 seconds 
  Import took 0.020172 seconds .

========================================================================
Received Import Request.
  Time since last request: 0.000161 seconds.
  path: Assets/Sprites/Fall (7).png
  artifactKey: Guid(aae9d7382293bd8478526ccf4f7b40af) Importer(815301076,1909f56bfc062723c751e8b465ee728b)
Start importing Assets/Sprites/Fall (7).png using Guid(aae9d7382293bd8478526ccf4f7b40af) Importer(815301076,1909f56bfc062723c751e8b465ee728b)  -> (artifact id: '2dfab8678c567d7cefc23e1b2c5a3720') in 0.015962 seconds 
  Import took 0.018846 seconds .

========================================================================
Received Import Request.
  Time since last request: 0.000174 seconds.
  path: Assets/Sprites/Walk (2).png
  artifactKey: Guid(566ffaf6d4193da4fb4c96fda91b3c68) Importer(815301076,1909f56bfc062723c751e8b465ee728b)
Start importing Assets/Sprites/Walk (2).png using Guid(566ffaf6d4193da4fb4c96fda91b3c68) Importer(815301076,1909f56bfc062723c751e8b465ee728b)  -> (artifact id: '9014598404a3c1f263063cc0ccfbd6fe') in 0.014899 seconds 
  Import took 0.018065 seconds .

========================================================================
Received Import Request.
  Time since last request: 0.000237 seconds.
  path: Assets/Sprites/Run (6).png
  artifactKey: Guid(d13d3a0697965ea46821a56c0af74b65) Importer(815301076,1909f56bfc062723c751e8b465ee728b)
Start importing Assets/Sprites/Run (6).png using Guid(d13d3a0697965ea46821a56c0af74b65) Importer(815301076,1909f56bfc062723c751e8b465ee728b)  -> (artifact id: '208f7eedb4e4fb4e0f7b93ca09b84893') in 0.014708 seconds 
  Import took 0.017761 seconds .

========================================================================
Received Import Request.
  Time since last request: 0.000181 seconds.
  path: Assets/Sprites/Fall (6).png
  artifactKey: Guid(f4718f0fe6d88ab45aef6db16b7239b5) Importer(815301076,1909f56bfc062723c751e8b465ee728b)
Start importing Assets/Sprites/Fall (6).png using Guid(f4718f0fe6d88ab45aef6db16b7239b5) Importer(815301076,1909f56bfc062723c751e8b465ee728b)  -> (artifact id: 'd763526167d38fd857c6c2633589efc3') in 0.016406 seconds 
  Import took 0.019695 seconds .

========================================================================
Received Import Request.
  Time since last request: 0.000235 seconds.
  path: Assets/Sprites/Fall (4).png
  artifactKey: Guid(bc7d4b9cd44e680418c7b05681f80043) Importer(815301076,1909f56bfc062723c751e8b465ee728b)
Start importing Assets/Sprites/Fall (4).png using Guid(bc7d4b9cd44e680418c7b05681f80043) Importer(815301076,1909f56bfc062723c751e8b465ee728b)  -> (artifact id: 'ebe301fc0cb4000f18fcd1ca9126036d') in 0.015408 seconds 
  Import took 0.019159 seconds .

========================================================================
Received Import Request.
  Time since last request: 0.000228 seconds.
  path: Assets/Sprites/Hurt (8).png
  artifactKey: Guid(1dd5d482c6f10864f9b61a027aeeb4f8) Importer(815301076,1909f56bfc062723c751e8b465ee728b)
Start importing Assets/Sprites/Hurt (8).png using Guid(1dd5d482c6f10864f9b61a027aeeb4f8) Importer(815301076,1909f56bfc062723c751e8b465ee728b)  -> (artifact id: '38d9b8ee3fcc8980fa18267d9f4cfa2f') in 0.015631 seconds 
  Import took 0.019193 seconds .

========================================================================
Received Import Request.
  Time since last request: 0.000246 seconds.
  path: Assets/Sprites/Walk (10).png
  artifactKey: Guid(a8e51997080173e44bae5a793e728e05) Importer(815301076,1909f56bfc062723c751e8b465ee728b)
Start importing Assets/Sprites/Walk (10).png using Guid(a8e51997080173e44bae5a793e728e05) Importer(815301076,1909f56bfc062723c751e8b465ee728b)  -> (artifact id: 'a6c4f6426a8503334f7952bb2874b675') in 0.018211 seconds 
  Import took 0.021559 seconds .

========================================================================
Received Import Request.
  Time since last request: 0.000280 seconds.
  path: Assets/Sprites/Hurt (4).png
  artifactKey: Guid(d8fdcc3e0b365c547b9967922a3a7bf8) Importer(815301076,1909f56bfc062723c751e8b465ee728b)
Start importing Assets/Sprites/Hurt (4).png using Guid(d8fdcc3e0b365c547b9967922a3a7bf8) Importer(815301076,1909f56bfc062723c751e8b465ee728b)  -> (artifact id: 'c45c8c168b4485816eceb6849bc98fa1') in 0.016150 seconds 
  Import took 0.019865 seconds .

========================================================================
Received Import Request.
  Time since last request: 0.000227 seconds.
  path: Assets/Sprites/Slide (2).png
  artifactKey: Guid(5628adad98f9c4f418604edaba391d9f) Importer(815301076,1909f56bfc062723c751e8b465ee728b)
Start importing Assets/Sprites/Slide (2).png using Guid(5628adad98f9c4f418604edaba391d9f) Importer(815301076,1909f56bfc062723c751e8b465ee728b)  -> (artifact id: '80a323dc53afef2c10d4eff71dc9dea8') in 0.016087 seconds 
  Import took 0.019369 seconds .

========================================================================
Received Import Request.
  Time since last request: 0.000215 seconds.
  path: Assets/Sprites/Walk (6).png
  artifactKey: Guid(97a4aec3060356f4ca02984c7614549e) Importer(815301076,1909f56bfc062723c751e8b465ee728b)
Start importing Assets/Sprites/Walk (6).png using Guid(97a4aec3060356f4ca02984c7614549e) Importer(815301076,1909f56bfc062723c751e8b465ee728b)  -> (artifact id: '7469f0f005b0793fa8ab8cfa2352a3b8') in 0.014463 seconds 
  Import took 0.017646 seconds .

========================================================================
Received Import Request.
  Time since last request: 0.000266 seconds.
  path: Assets/Sprites/Walk (8).png
  artifactKey: Guid(1a51f6d8227cda040a0cc460679aecae) Importer(815301076,1909f56bfc062723c751e8b465ee728b)
Start importing Assets/Sprites/Walk (8).png using Guid(1a51f6d8227cda040a0cc460679aecae) Importer(815301076,1909f56bfc062723c751e8b465ee728b)  -> (artifact id: '0cbe145a0fe2c9b44fb07c6cac6578e4') in 0.013362 seconds 
  Import took 0.016743 seconds .

========================================================================
Received Import Request.
  Time since last request: 0.000186 seconds.
  path: Assets/Sprites/Hurt (6).png
  artifactKey: Guid(06e54f1dfb7bdb647b8574e54dbc1991) Importer(815301076,1909f56bfc062723c751e8b465ee728b)
Start importing Assets/Sprites/Hurt (6).png using Guid(06e54f1dfb7bdb647b8574e54dbc1991) Importer(815301076,1909f56bfc062723c751e8b465ee728b)  -> (artifact id: '85c3527e00d40d863d22143b4beb44fd') in 0.016114 seconds 
  Import took 0.019358 seconds .

========================================================================
Received Import Request.
  Time since last request: 0.000212 seconds.
  path: Assets/Sprites/Jump (6).png
  artifactKey: Guid(73a0fc02b9c43f047a2e1d9f2639307a) Importer(815301076,1909f56bfc062723c751e8b465ee728b)
Start importing Assets/Sprites/Jump (6).png using Guid(73a0fc02b9c43f047a2e1d9f2639307a) Importer(815301076,1909f56bfc062723c751e8b465ee728b)  -> (artifact id: 'a03e6714b7e5b0d04cfa76be494bca7a') in 0.015842 seconds 
  Import took 0.018794 seconds .

========================================================================
Received Import Request.
  Time since last request: 0.000212 seconds.
  path: Assets/Sprites/Dead (6).png
  artifactKey: Guid(2a8454771bb1b0c4f8023fd3b46385f2) Importer(815301076,1909f56bfc062723c751e8b465ee728b)
Start importing Assets/Sprites/Dead (6).png using Guid(2a8454771bb1b0c4f8023fd3b46385f2) Importer(815301076,1909f56bfc062723c751e8b465ee728b)  -> (artifact id: 'bf4683e88b4ee978283b2036bdb010f6') in 0.014483 seconds 
  Import took 0.017355 seconds .

========================================================================
Received Import Request.
  Time since last request: 0.000206 seconds.
  path: Assets/Sprites/Run (1).png
  artifactKey: Guid(04ec11ce5e2a0aa41bbc977d21cadafe) Importer(815301076,1909f56bfc062723c751e8b465ee728b)
Start importing Assets/Sprites/Run (1).png using Guid(04ec11ce5e2a0aa41bbc977d21cadafe) Importer(815301076,1909f56bfc062723c751e8b465ee728b)  -> (artifact id: '353788169abf73fb41ac4130cf3a05fb') in 0.013592 seconds 
  Import took 0.016484 seconds .

========================================================================
Received Import Request.
  Time since last request: 0.000207 seconds.
  path: Assets/Sprites/Hurt (3).png
  artifactKey: Guid(70329d425f6ef8f40b433a26159f97bc) Importer(815301076,1909f56bfc062723c751e8b465ee728b)
Start importing Assets/Sprites/Hurt (3).png using Guid(70329d425f6ef8f40b433a26159f97bc) Importer(815301076,1909f56bfc062723c751e8b465ee728b)  -> (artifact id: '46613663ef54f51c0d198e686eaa9384') in 0.013682 seconds 
  Import took 0.016460 seconds .

========================================================================
Received Import Request.
  Time since last request: 0.000280 seconds.
  path: Assets/Sprites/Dead (10).png
  artifactKey: Guid(ea57ffc80e684eb4e9797654d66838f2) Importer(815301076,1909f56bfc062723c751e8b465ee728b)
Start importing Assets/Sprites/Dead (10).png using Guid(ea57ffc80e684eb4e9797654d66838f2) Importer(815301076,1909f56bfc062723c751e8b465ee728b)  -> (artifact id: '2feec20392e8e9291f8c33fcd21d35c7') in 0.014147 seconds 
  Import took 0.018527 seconds .

========================================================================
Received Import Request.
  Time since last request: 0.000238 seconds.
  path: Assets/Sprites/Fall (5).png
  artifactKey: Guid(e232cd9b3737a3a4c91c24478f42faef) Importer(815301076,1909f56bfc062723c751e8b465ee728b)
Start importing Assets/Sprites/Fall (5).png using Guid(e232cd9b3737a3a4c91c24478f42faef) Importer(815301076,1909f56bfc062723c751e8b465ee728b)  -> (artifact id: '0f619e3e2d0f8f750fd57dec9431cbdc') in 0.015215 seconds 
  Import took 0.018402 seconds .

========================================================================
Received Import Request.
  Time since last request: 0.000200 seconds.
  path: Assets/Sprites/Hurt (2).png
  artifactKey: Guid(52198013ffbf3c64f816468597c952b5) Importer(815301076,1909f56bfc062723c751e8b465ee728b)
Start importing Assets/Sprites/Hurt (2).png using Guid(52198013ffbf3c64f816468597c952b5) Importer(815301076,1909f56bfc062723c751e8b465ee728b)  -> (artifact id: 'b989ad42a9393a835bc65301038ff924') in 0.015024 seconds 
  Import took 0.017818 seconds .

========================================================================
Received Import Request.
  Time since last request: 0.000163 seconds.
  path: Assets/Sprites/Slide (7).png
  artifactKey: Guid(d8e5edb746904264f9a53d2599ad0b79) Importer(815301076,1909f56bfc062723c751e8b465ee728b)
Start importing Assets/Sprites/Slide (7).png using Guid(d8e5edb746904264f9a53d2599ad0b79) Importer(815301076,1909f56bfc062723c751e8b465ee728b)  -> (artifact id: '60f89d4dfb60c650c788e98fbb41900f') in 0.014762 seconds 
  Import took 0.017906 seconds .

========================================================================
Received Import Request.
  Time since last request: 0.000179 seconds.
  path: Assets/Sprites/Jump (5).png
  artifactKey: Guid(e012c06804a2dad40a8b9fede9b69293) Importer(815301076,1909f56bfc062723c751e8b465ee728b)
Start importing Assets/Sprites/Jump (5).png using Guid(e012c06804a2dad40a8b9fede9b69293) Importer(815301076,1909f56bfc062723c751e8b465ee728b)  -> (artifact id: '726f16323cf89f21f276426193cfc9bf') in 0.015311 seconds 
  Import took 0.018138 seconds .

========================================================================
Received Import Request.
  Time since last request: 0.000218 seconds.
  path: Assets/Sprites/Hurt (9).png
  artifactKey: Guid(69aba6a43c353eb4ca33db689b0a2881) Importer(815301076,1909f56bfc062723c751e8b465ee728b)
Start importing Assets/Sprites/Hurt (9).png using Guid(69aba6a43c353eb4ca33db689b0a2881) Importer(815301076,1909f56bfc062723c751e8b465ee728b)  -> (artifact id: '0522a809d4d8ab99ff04b106e05232aa') in 0.013560 seconds 
  Import took 0.016650 seconds .

========================================================================
Received Import Request.
  Time since last request: 0.000234 seconds.
  path: Assets/Sprites/Jump (4).png
  artifactKey: Guid(a3a013edfc4f3a44eaa4911e7a2e980d) Importer(815301076,1909f56bfc062723c751e8b465ee728b)
Start importing Assets/Sprites/Jump (4).png using Guid(a3a013edfc4f3a44eaa4911e7a2e980d) Importer(815301076,1909f56bfc062723c751e8b465ee728b)  -> (artifact id: 'b2aeb50a29d3244824bfa6160a0e8347') in 0.013126 seconds 
  Import took 0.016000 seconds .

========================================================================
Received Import Request.
  Time since last request: 0.000202 seconds.
  path: Assets/Sprites/Idle (6).png
  artifactKey: Guid(556f926541fadb6479c2c1f1adea3de6) Importer(815301076,1909f56bfc062723c751e8b465ee728b)
Start importing Assets/Sprites/Idle (6).png using Guid(556f926541fadb6479c2c1f1adea3de6) Importer(815301076,1909f56bfc062723c751e8b465ee728b)  -> (artifact id: 'ac39e3215b3fea9fb95893b421abaf0d') in 0.015117 seconds 
  Import took 0.018032 seconds .

========================================================================
Received Import Request.
  Time since last request: 0.000212 seconds.
  path: Assets/Sprites/Run (3).png
  artifactKey: Guid(9b702618e4c54a14caf9b0608033593d) Importer(815301076,1909f56bfc062723c751e8b465ee728b)
Start importing Assets/Sprites/Run (3).png using Guid(9b702618e4c54a14caf9b0608033593d) Importer(815301076,1909f56bfc062723c751e8b465ee728b)  -> (artifact id: 'e8f6c79d2b0b0e969b9a3d4fccc9f0d0') in 0.013328 seconds 
  Import took 0.016184 seconds .

========================================================================
Received Import Request.
  Time since last request: 0.000245 seconds.
  path: Assets/Sprites/Slide (4).png
  artifactKey: Guid(298cc34746cbae14ab062ec526f3304f) Importer(815301076,1909f56bfc062723c751e8b465ee728b)
Start importing Assets/Sprites/Slide (4).png using Guid(298cc34746cbae14ab062ec526f3304f) Importer(815301076,1909f56bfc062723c751e8b465ee728b)  -> (artifact id: '7d27277ee1adef7aac6a1a6879d760ed') in 0.013681 seconds 
  Import took 0.016612 seconds .

========================================================================
Received Import Request.
  Time since last request: 0.000244 seconds.
  path: Assets/Sprites/Walk (4).png
  artifactKey: Guid(147cedd1114ac27449390fa5c6a9525f) Importer(815301076,1909f56bfc062723c751e8b465ee728b)
Start importing Assets/Sprites/Walk (4).png using Guid(147cedd1114ac27449390fa5c6a9525f) Importer(815301076,1909f56bfc062723c751e8b465ee728b)  -> (artifact id: '696a08d97eb4081a209b71b86c46da3f') in 0.015606 seconds 
  Import took 0.018528 seconds .

========================================================================
Received Import Request.
  Time since last request: 0.000221 seconds.
  path: Assets/Sprites/Walk (9).png
  artifactKey: Guid(c767ba71173edd540ae4c86cb1b89900) Importer(815301076,1909f56bfc062723c751e8b465ee728b)
Start importing Assets/Sprites/Walk (9).png using Guid(c767ba71173edd540ae4c86cb1b89900) Importer(815301076,1909f56bfc062723c751e8b465ee728b)  -> (artifact id: 'fc8a6facd63e079b5e0727413c575ecd') in 0.014629 seconds 
  Import took 0.017340 seconds .

========================================================================
Received Import Request.
  Time since last request: 0.000198 seconds.
  path: Assets/Sprites/Idle (8).png
  artifactKey: Guid(0904e3e4b17553543b35e21d984a6d69) Importer(815301076,1909f56bfc062723c751e8b465ee728b)
Start importing Assets/Sprites/Idle (8).png using Guid(0904e3e4b17553543b35e21d984a6d69) Importer(815301076,1909f56bfc062723c751e8b465ee728b)  -> (artifact id: 'a0d1c29bf6af12dd6013e83a3e0f96a6') in 0.013870 seconds 
  Import took 0.016932 seconds .

========================================================================
Received Import Request.
  Time since last request: 0.000164 seconds.
  path: Assets/Sprites/Dead (2).png
  artifactKey: Guid(0c2dbe935c71d844eaeeb34604f0cef0) Importer(815301076,1909f56bfc062723c751e8b465ee728b)
Start importing Assets/Sprites/Dead (2).png using Guid(0c2dbe935c71d844eaeeb34604f0cef0) Importer(815301076,1909f56bfc062723c751e8b465ee728b)  -> (artifact id: '5d4a46a6668d98745ade0e8a24514a2f') in 0.016550 seconds 
  Import took 0.020491 seconds .

========================================================================
Received Import Request.
  Time since last request: 0.000264 seconds.
  path: Assets/Sprites/Jump (3).png
  artifactKey: Guid(af7ad1ff57566b346b060c894e823672) Importer(815301076,1909f56bfc062723c751e8b465ee728b)
Start importing Assets/Sprites/Jump (3).png using Guid(af7ad1ff57566b346b060c894e823672) Importer(815301076,1909f56bfc062723c751e8b465ee728b)  -> (artifact id: 'fc2dcb27562d783ce137da26debd3ccb') in 0.017333 seconds 
  Import took 0.020552 seconds .

========================================================================
Received Import Request.
  Time since last request: 0.000169 seconds.
  path: Assets/Sprites/Jump (7).png
  artifactKey: Guid(3136aad85fee0174eba041df48a81cc0) Importer(815301076,1909f56bfc062723c751e8b465ee728b)
Start importing Assets/Sprites/Jump (7).png using Guid(3136aad85fee0174eba041df48a81cc0) Importer(815301076,1909f56bfc062723c751e8b465ee728b)  -> (artifact id: 'b5f944e266dc836c63f320032eb4c26e') in 0.012889 seconds 
  Import took 0.015623 seconds .

========================================================================
Received Import Request.
  Time since last request: 0.000194 seconds.
  path: Assets/Sprites/Dead (8).png
  artifactKey: Guid(747dc1e228e56c24ab8ab5d2cc0efb12) Importer(815301076,1909f56bfc062723c751e8b465ee728b)
Start importing Assets/Sprites/Dead (8).png using Guid(747dc1e228e56c24ab8ab5d2cc0efb12) Importer(815301076,1909f56bfc062723c751e8b465ee728b)  -> (artifact id: '636e9a7c632b9b8d63aa051f8d8e2831') in 0.013006 seconds 
  Import took 0.015604 seconds .

========================================================================
Received Import Request.
  Time since last request: 0.000197 seconds.
  path: Assets/Sprites/Walk (5).png
  artifactKey: Guid(68134bf163ddacb40a3b40cfd6f4796a) Importer(815301076,1909f56bfc062723c751e8b465ee728b)
Start importing Assets/Sprites/Walk (5).png using Guid(68134bf163ddacb40a3b40cfd6f4796a) Importer(815301076,1909f56bfc062723c751e8b465ee728b)  -> (artifact id: '14b491c6baa8a6046f347a3c090f1a42') in 0.011882 seconds 
  Import took 0.014488 seconds .

========================================================================
Received Import Request.
  Time since last request: 0.000250 seconds.
  path: Assets/Sprites/Hurt (10).png
  artifactKey: Guid(97fe0fa7dd31f3744a79eb545894a175) Importer(815301076,1909f56bfc062723c751e8b465ee728b)
Start importing Assets/Sprites/Hurt (10).png using Guid(97fe0fa7dd31f3744a79eb545894a175) Importer(815301076,1909f56bfc062723c751e8b465ee728b)  -> (artifact id: 'd1a3dde7dd59032b4795f7a723407e45') in 0.013287 seconds 
  Import took 0.015922 seconds .

========================================================================
Received Import Request.
  Time since last request: 0.000216 seconds.
  path: Assets/Sprites/Dead (9).png
  artifactKey: Guid(19afc08d2019edf4381f3c2b60d74f76) Importer(815301076,1909f56bfc062723c751e8b465ee728b)
Start importing Assets/Sprites/Dead (9).png using Guid(19afc08d2019edf4381f3c2b60d74f76) Importer(815301076,1909f56bfc062723c751e8b465ee728b)  -> (artifact id: 'f4231962b3d7cf0d21cdeb129e2b2dee') in 0.014566 seconds 
  Import took 0.017204 seconds .

========================================================================
Received Import Request.
  Time since last request: 0.000197 seconds.
  path: Assets/Sprites/Idle (9).png
  artifactKey: Guid(4e8b9c43d6df6304eac00a90aa505956) Importer(815301076,1909f56bfc062723c751e8b465ee728b)
Start importing Assets/Sprites/Idle (9).png using Guid(4e8b9c43d6df6304eac00a90aa505956) Importer(815301076,1909f56bfc062723c751e8b465ee728b)  -> (artifact id: '70814808d24a89e2e63951ace800b2c5') in 0.013674 seconds 
  Import took 0.016585 seconds .

========================================================================
Received Import Request.
  Time since last request: 0.000244 seconds.
  path: Assets/Sprites/Hurt (1).png
  artifactKey: Guid(0ae2cac78bca175429fe4959c8c6632d) Importer(815301076,1909f56bfc062723c751e8b465ee728b)
Start importing Assets/Sprites/Hurt (1).png using Guid(0ae2cac78bca175429fe4959c8c6632d) Importer(815301076,1909f56bfc062723c751e8b465ee728b)  -> (artifact id: '5e0bbe2cd1305f368c575ea1bc6bcc72') in 0.012598 seconds 
  Import took 0.015554 seconds .

========================================================================
Received Import Request.
  Time since last request: 0.000193 seconds.
  path: Assets/Sprites/Idle (1).png
  artifactKey: Guid(96496704bc1cab6478e810280870dafd) Importer(815301076,1909f56bfc062723c751e8b465ee728b)
Start importing Assets/Sprites/Idle (1).png using Guid(96496704bc1cab6478e810280870dafd) Importer(815301076,1909f56bfc062723c751e8b465ee728b)  -> (artifact id: 'd7dad0f2b69be1dc95c2da0e9e2468ed') in 0.015034 seconds 
  Import took 0.017887 seconds .

========================================================================
Received Import Request.
  Time since last request: 0.000315 seconds.
  path: Assets/Sprites/Idle (4).png
  artifactKey: Guid(6f42b00d0c2cf2a48a8ca4adf0fa1299) Importer(815301076,1909f56bfc062723c751e8b465ee728b)
Start importing Assets/Sprites/Idle (4).png using Guid(6f42b00d0c2cf2a48a8ca4adf0fa1299) Importer(815301076,1909f56bfc062723c751e8b465ee728b)  -> (artifact id: '7f300a0502460fe27ffc90a68526849e') in 0.015212 seconds 
  Import took 0.018214 seconds .

========================================================================
Received Import Request.
  Time since last request: 0.000154 seconds.
  path: Assets/Sprites/Slide (1).png
  artifactKey: Guid(3e5b349a93dc18641be2f56f54c16bcc) Importer(815301076,1909f56bfc062723c751e8b465ee728b)
Start importing Assets/Sprites/Slide (1).png using Guid(3e5b349a93dc18641be2f56f54c16bcc) Importer(815301076,1909f56bfc062723c751e8b465ee728b)  -> (artifact id: '087b917dcdf11660f73b87dd583bab05') in 0.012941 seconds 
  Import took 0.015749 seconds .

========================================================================
Received Import Request.
  Time since last request: 0.000227 seconds.
  path: Assets/Sprites/Run (8).png
  artifactKey: Guid(e95761a0e0551df48a04bbd09124e59f) Importer(815301076,1909f56bfc062723c751e8b465ee728b)
Start importing Assets/Sprites/Run (8).png using Guid(e95761a0e0551df48a04bbd09124e59f) Importer(815301076,1909f56bfc062723c751e8b465ee728b)  -> (artifact id: '07bee23a7e469689bbe8cf1fe16bf57c') in 0.011825 seconds 
  Import took 0.014508 seconds .

========================================================================
Received Import Request.
  Time since last request: 0.000238 seconds.
  path: Assets/Sprites/Slide (5).png
  artifactKey: Guid(af6f653fbf2750f4ca295d1ae53dc1c5) Importer(815301076,1909f56bfc062723c751e8b465ee728b)
Start importing Assets/Sprites/Slide (5).png using Guid(af6f653fbf2750f4ca295d1ae53dc1c5) Importer(815301076,1909f56bfc062723c751e8b465ee728b)  -> (artifact id: '0a119fc3dc7b6ac81a7749ef37d06913') in 0.013589 seconds 
  Import took 0.016211 seconds .

========================================================================
Received Import Request.
  Time since last request: 0.000205 seconds.
  path: Assets/Sprites/Dead (3).png
  artifactKey: Guid(4fac9d8d51b40a647a4d1c891a81ebab) Importer(815301076,1909f56bfc062723c751e8b465ee728b)
Start importing Assets/Sprites/Dead (3).png using Guid(4fac9d8d51b40a647a4d1c891a81ebab) Importer(815301076,1909f56bfc062723c751e8b465ee728b)  -> (artifact id: '25d42ea29a295a1037171c139d9ade7d') in 0.013770 seconds 
  Import took 0.016428 seconds .

========================================================================
Received Import Request.
  Time since last request: 0.000221 seconds.
  path: Assets/Sprites/Dead (5).png
  artifactKey: Guid(5f1b1a2c63d6206419b3a3783442bdd1) Importer(815301076,1909f56bfc062723c751e8b465ee728b)
Start importing Assets/Sprites/Dead (5).png using Guid(5f1b1a2c63d6206419b3a3783442bdd1) Importer(815301076,1909f56bfc062723c751e8b465ee728b)  -> (artifact id: '251329f39e55c2b2425ec17af42e8505') in 0.012808 seconds 
  Import took 0.015499 seconds .

========================================================================
Received Import Request.
  Time since last request: 0.000224 seconds.
  path: Assets/Sprites/Run (7).png
  artifactKey: Guid(bb9458061969a8140b24b409697eb9e8) Importer(815301076,1909f56bfc062723c751e8b465ee728b)
Start importing Assets/Sprites/Run (7).png using Guid(bb9458061969a8140b24b409697eb9e8) Importer(815301076,1909f56bfc062723c751e8b465ee728b)  -> (artifact id: 'b5f5d63bc4ac02f9be587726eea922c8') in 0.015926 seconds 
  Import took 0.018618 seconds .

========================================================================
Received Import Request.
  Time since last request: 0.000220 seconds.
  path: Assets/Sprites/Idle (3).png
  artifactKey: Guid(25f0d82928d04bd48988babcc4599412) Importer(815301076,1909f56bfc062723c751e8b465ee728b)
Start importing Assets/Sprites/Idle (3).png using Guid(25f0d82928d04bd48988babcc4599412) Importer(815301076,1909f56bfc062723c751e8b465ee728b)  -> (artifact id: 'dff47be5ce7ed2d0d08d62a8752262a2') in 0.015645 seconds 
  Import took 0.019081 seconds .

========================================================================
Received Import Request.
  Time since last request: 0.000172 seconds.
  path: Assets/Sprites/Slide (6).png
  artifactKey: Guid(06afab33f694c0647bbea1e4c9cb905e) Importer(815301076,1909f56bfc062723c751e8b465ee728b)
Start importing Assets/Sprites/Slide (6).png using Guid(06afab33f694c0647bbea1e4c9cb905e) Importer(815301076,1909f56bfc062723c751e8b465ee728b)  -> (artifact id: 'f4e98fc2e135b36378b15993c1ea0918') in 0.014882 seconds 
  Import took 0.017756 seconds .

========================================================================
Received Import Request.
  Time since last request: 0.000155 seconds.
  path: Assets/Sprites/Walk (3).png
  artifactKey: Guid(de5f6a3aea6734245bd3eab06d9dc8d6) Importer(815301076,1909f56bfc062723c751e8b465ee728b)
Start importing Assets/Sprites/Walk (3).png using Guid(de5f6a3aea6734245bd3eab06d9dc8d6) Importer(815301076,1909f56bfc062723c751e8b465ee728b)  -> (artifact id: '64b557d1f7bbb8bd99bfe6987b54ccfe') in 0.014677 seconds 
  Import took 0.017361 seconds .

========================================================================
Received Import Request.
  Time since last request: 0.000175 seconds.
  path: Assets/Sprites/Idle (10).png
  artifactKey: Guid(63d85b62626723d4e939a7b5d0bb32b3) Importer(815301076,1909f56bfc062723c751e8b465ee728b)
Start importing Assets/Sprites/Idle (10).png using Guid(63d85b62626723d4e939a7b5d0bb32b3) Importer(815301076,1909f56bfc062723c751e8b465ee728b)  -> (artifact id: '2f124dbc531e9a1c703258a60138a02c') in 0.015849 seconds 
  Import took 0.018705 seconds .

========================================================================
Received Import Request.
  Time since last request: 0.000152 seconds.
  path: Assets/Sprites/Dead (7).png
  artifactKey: Guid(3aa6d47eb69cfd64a91dc554cf4a76f5) Importer(815301076,1909f56bfc062723c751e8b465ee728b)
Start importing Assets/Sprites/Dead (7).png using Guid(3aa6d47eb69cfd64a91dc554cf4a76f5) Importer(815301076,1909f56bfc062723c751e8b465ee728b)  -> (artifact id: '395bde5a45831ad64db61b34d26e3e62') in 0.013640 seconds 
  Import took 0.016908 seconds .

========================================================================
Received Import Request.
  Time since last request: 0.000204 seconds.
  path: Assets/Sprites/Idle (7).png
  artifactKey: Guid(14f98a197349f1742959ecd65b64dd23) Importer(815301076,1909f56bfc062723c751e8b465ee728b)
Start importing Assets/Sprites/Idle (7).png using Guid(14f98a197349f1742959ecd65b64dd23) Importer(815301076,1909f56bfc062723c751e8b465ee728b)  -> (artifact id: 'fefe975ad3a18883c3d7ce557d9b907d') in 0.014770 seconds 
  Import took 0.017653 seconds .

========================================================================
Received Import Request.
  Time since last request: 0.000198 seconds.
  path: Assets/Sprites/Hurt (7).png
  artifactKey: Guid(ce93011294bd3fb49a91c0c068cde21b) Importer(815301076,1909f56bfc062723c751e8b465ee728b)
Start importing Assets/Sprites/Hurt (7).png using Guid(ce93011294bd3fb49a91c0c068cde21b) Importer(815301076,1909f56bfc062723c751e8b465ee728b)  -> (artifact id: '073ae3416991b81d6e55cb8886b7ab2d') in 0.015874 seconds 
  Import took 0.018930 seconds .

========================================================================
Received Import Request.
  Time since last request: 0.000208 seconds.
  path: Assets/Sprites/Slide (3).png
  artifactKey: Guid(3a19dedc2c274e84da89ba2c5c8c93d3) Importer(815301076,1909f56bfc062723c751e8b465ee728b)
Start importing Assets/Sprites/Slide (3).png using Guid(3a19dedc2c274e84da89ba2c5c8c93d3) Importer(815301076,1909f56bfc062723c751e8b465ee728b)  -> (artifact id: 'e93a1d6d7b3ffd8be0f4634363b1d190') in 0.014894 seconds 
  Import took 0.017905 seconds .

========================================================================
Received Import Request.
  Time since last request: 0.000262 seconds.
  path: Assets/Sprites/Walk (7).png
  artifactKey: Guid(de4427367cee4544996ed1276484e836) Importer(815301076,1909f56bfc062723c751e8b465ee728b)
Start importing Assets/Sprites/Walk (7).png using Guid(de4427367cee4544996ed1276484e836) Importer(815301076,1909f56bfc062723c751e8b465ee728b)  -> (artifact id: 'a28924d5241c23d25d9c12190d658a69') in 0.013777 seconds 
  Import took 0.016883 seconds .

========================================================================
Received Import Request.
  Time since last request: 0.000171 seconds.
  path: Assets/Sprites/Run (5).png
  artifactKey: Guid(545affe34cf9f614289f1993acd1834d) Importer(815301076,1909f56bfc062723c751e8b465ee728b)
Start importing Assets/Sprites/Run (5).png using Guid(545affe34cf9f614289f1993acd1834d) Importer(815301076,1909f56bfc062723c751e8b465ee728b)  -> (artifact id: '47dbe847ac8991798142dcb3d07ae06f') in 0.014437 seconds 
  Import took 0.017499 seconds .

========================================================================
Received Import Request.
  Time since last request: 0.000211 seconds.
  path: Assets/Sprites/Jump (8).png
  artifactKey: Guid(12ac8be3814754541886670713c7aad3) Importer(815301076,1909f56bfc062723c751e8b465ee728b)
Start importing Assets/Sprites/Jump (8).png using Guid(12ac8be3814754541886670713c7aad3) Importer(815301076,1909f56bfc062723c751e8b465ee728b)  -> (artifact id: '1b1a53fff3ac13f4e540ae7c1227b5ce') in 0.013553 seconds 
  Import took 0.016742 seconds .

========================================================================
Received Import Request.
  Time since last request: 0.000198 seconds.
  path: Assets/Sprites/Fall (8).png
  artifactKey: Guid(708b00e23e8dac7428e2a945db7183ee) Importer(815301076,1909f56bfc062723c751e8b465ee728b)
Start importing Assets/Sprites/Fall (8).png using Guid(708b00e23e8dac7428e2a945db7183ee) Importer(815301076,1909f56bfc062723c751e8b465ee728b)  -> (artifact id: '76c175552864eb930d831184d366d85e') in 0.015300 seconds 
  Import took 0.018152 seconds .

========================================================================
Received Import Request.
  Time since last request: 0.000166 seconds.
  path: Assets/Sprites/Fall (1).png
  artifactKey: Guid(7a38c8e1668257d47a110a55d7adea8a) Importer(815301076,1909f56bfc062723c751e8b465ee728b)
Start importing Assets/Sprites/Fall (1).png using Guid(7a38c8e1668257d47a110a55d7adea8a) Importer(815301076,1909f56bfc062723c751e8b465ee728b)  -> (artifact id: '0a764e8891c930d6bce3bd9522a1b1fe') in 0.015974 seconds 
  Import took 0.019107 seconds .

========================================================================
Received Import Request.
  Time since last request: 0.000216 seconds.
  path: Assets/Sprites/Slide (9).png
  artifactKey: Guid(e7f25e57368034d47a99123586cb4fd0) Importer(815301076,1909f56bfc062723c751e8b465ee728b)
Start importing Assets/Sprites/Slide (9).png using Guid(e7f25e57368034d47a99123586cb4fd0) Importer(815301076,1909f56bfc062723c751e8b465ee728b)  -> (artifact id: 'e6d0fb557259df0f519e90132de1f9d3') in 0.018815 seconds 
  Import took 0.022303 seconds .

========================================================================
Received Import Request.
  Time since last request: 0.000162 seconds.
  path: Assets/Sprites/Fall (3).png
  artifactKey: Guid(2f7be60b2d7555f428085353e6ed3064) Importer(815301076,1909f56bfc062723c751e8b465ee728b)
Start importing Assets/Sprites/Fall (3).png using Guid(2f7be60b2d7555f428085353e6ed3064) Importer(815301076,1909f56bfc062723c751e8b465ee728b)  -> (artifact id: 'bd4499c197169c48054e9c7b8d4a3484') in 0.016746 seconds 
  Import took 0.019785 seconds .

========================================================================
Received Import Request.
  Time since last request: 0.000227 seconds.
  path: Assets/Sprites/Idle (5).png
  artifactKey: Guid(12e5ad3f51866d449883f16016a2aa40) Importer(815301076,1909f56bfc062723c751e8b465ee728b)
Start importing Assets/Sprites/Idle (5).png using Guid(12e5ad3f51866d449883f16016a2aa40) Importer(815301076,1909f56bfc062723c751e8b465ee728b)  -> (artifact id: '26f705c2eb4f5bff664ca7ec65feef08') in 0.016035 seconds 
  Import took 0.019407 seconds .

========================================================================
Received Import Request.
  Time since last request: 0.000218 seconds.
  path: Assets/Sprites/Run (2).png
  artifactKey: Guid(cb24ecf6bb2135c4eba29924bfb1b9eb) Importer(815301076,1909f56bfc062723c751e8b465ee728b)
Start importing Assets/Sprites/Run (2).png using Guid(cb24ecf6bb2135c4eba29924bfb1b9eb) Importer(815301076,1909f56bfc062723c751e8b465ee728b)  -> (artifact id: '8f8f93deb7541c7fc6d770ec02eab820') in 0.013480 seconds 
  Import took 0.016310 seconds .

========================================================================
Received Import Request.
  Time since last request: 0.000213 seconds.
  path: Assets/Sprites/Jump (1).png
  artifactKey: Guid(7cf653ad694d7cf47a1d2404e8be9953) Importer(815301076,1909f56bfc062723c751e8b465ee728b)
Start importing Assets/Sprites/Jump (1).png using Guid(7cf653ad694d7cf47a1d2404e8be9953) Importer(815301076,1909f56bfc062723c751e8b465ee728b)  -> (artifact id: '9c9baf5de48d478f7232213942126916') in 0.013832 seconds 
  Import took 0.016568 seconds .

========================================================================
Received Import Request.
  Time since last request: 0.000211 seconds.
  path: Assets/Sprites/Jump (2).png
  artifactKey: Guid(807dcff44620690478ebc3c3a08736f5) Importer(815301076,1909f56bfc062723c751e8b465ee728b)
Start importing Assets/Sprites/Jump (2).png using Guid(807dcff44620690478ebc3c3a08736f5) Importer(815301076,1909f56bfc062723c751e8b465ee728b)  -> (artifact id: '79185966e6e06306cdf169437421cdd0') in 0.013034 seconds 
  Import took 0.015859 seconds .

========================================================================
Received Import Request.
  Time since last request: 0.000227 seconds.
  path: Assets/Sprites/Run (4).png
  artifactKey: Guid(334e7efca1d96b048a76a95ce07245b9) Importer(815301076,1909f56bfc062723c751e8b465ee728b)
Start importing Assets/Sprites/Run (4).png using Guid(334e7efca1d96b048a76a95ce07245b9) Importer(815301076,1909f56bfc062723c751e8b465ee728b)  -> (artifact id: 'a496ec996db31b7e9a549c05de44cde8') in 0.013278 seconds 
  Import took 0.015973 seconds .

========================================================================
Received Import Request.
  Time since last request: 0.000200 seconds.
  path: Assets/Sprites/Hurt (5).png
  artifactKey: Guid(4800f18f9a379b944b2743e3780fab35) Importer(815301076,1909f56bfc062723c751e8b465ee728b)
Start importing Assets/Sprites/Hurt (5).png using Guid(4800f18f9a379b944b2743e3780fab35) Importer(815301076,1909f56bfc062723c751e8b465ee728b)  -> (artifact id: '3cf965b5dddbdfa1c2ce3dc2949eafbb') in 0.013015 seconds 
  Import took 0.015657 seconds .

========================================================================
Received Import Request.
  Time since last request: 0.000196 seconds.
  path: Assets/Sprites/Slide (10).png
  artifactKey: Guid(b8af1f3a4c507dd4da446dc8966686f5) Importer(815301076,1909f56bfc062723c751e8b465ee728b)
Start importing Assets/Sprites/Slide (10).png using Guid(b8af1f3a4c507dd4da446dc8966686f5) Importer(815301076,1909f56bfc062723c751e8b465ee728b)  -> (artifact id: '9e005186c5d3a5da843141fa9f2e27af') in 0.013007 seconds 
  Import took 0.015875 seconds .

========================================================================
Received Import Request.
  Time since last request: 0.000224 seconds.
  path: Assets/Sprites/Walk (1).png
  artifactKey: Guid(1bccff98f08e72c4ea700731bf0c27e5) Importer(815301076,1909f56bfc062723c751e8b465ee728b)
Start importing Assets/Sprites/Walk (1).png using Guid(1bccff98f08e72c4ea700731bf0c27e5) Importer(815301076,1909f56bfc062723c751e8b465ee728b)  -> (artifact id: 'da7807824459eb0ea863b3f62f078685') in 0.017215 seconds 
  Import took 0.020497 seconds .

========================================================================
Received Import Request.
  Time since last request: 0.000221 seconds.
  path: Assets/Sprites/Slide (8).png
  artifactKey: Guid(1b7a67d32d71fdc41bc165fc4902f567) Importer(815301076,1909f56bfc062723c751e8b465ee728b)
Start importing Assets/Sprites/Slide (8).png using Guid(1b7a67d32d71fdc41bc165fc4902f567) Importer(815301076,1909f56bfc062723c751e8b465ee728b)  -> (artifact id: '5c55c2219f235330f62ed0a81b723687') in 0.015260 seconds 
  Import took 0.019466 seconds .

========================================================================
Received Prepare
Registering precompiled user dll's ...
Registered in 0.006253 seconds.
Begin MonoManager ReloadAssembly
Native extension for WindowsStandalone target not found
Refreshing native plugins compatible for Editor in 0.75 ms, found 3 plugins.
Preloading 0 native plugins for Editor in 0.00 ms.
Mono: successfully reloaded assembly
- Completed reload, in  0.972 seconds
Domain Reload Profiling:
	ReloadAssembly (972ms)
		BeginReloadAssembly (106ms)
			ExecutionOrderSort (0ms)
			DisableScriptedObjects (6ms)
			BackupInstance (0ms)
			ReleaseScriptingObjects (0ms)
			CreateAndSetChildDomain (34ms)
		EndReloadAssembly (810ms)
			LoadAssemblies (87ms)
			RebuildTransferFunctionScriptingTraits (0ms)
			SetupTypeCache (247ms)
			ReleaseScriptCaches (1ms)
			RebuildScriptCaches (37ms)
			SetupLoadedEditorAssemblies (336ms)
				LogAssemblyErrors (0ms)
				InitializePlatformSupportModulesInManaged (6ms)
				SetLoadedEditorAssemblies (1ms)
				RefreshPlugins (1ms)
				BeforeProcessingInitializeOnLoad (75ms)
				ProcessInitializeOnLoadAttributes (242ms)
				ProcessInitializeOnLoadMethodAttributes (5ms)
				AfterProcessingInitializeOnLoad (6ms)
				EditorAssembliesLoaded (0ms)
			ExecutionOrderSort2 (0ms)
			AwakeInstancesAfterBackupRestoration (9ms)
Platform modules already initialized, skipping
Refreshing native plugins compatible for Editor in 0.42 ms, found 3 plugins.
Preloading 0 native plugins for Editor in 0.00 ms.
Unloading 2082 Unused Serialized files (Serialized files now loaded: 0)
System memory in use before: 95.6 MB.
System memory in use after: 95.7 MB.

Unloading 16 unused Assets to reduce memory usage. Loaded Objects now: 2546.
Total: 3.041400 ms (FindLiveObjects: 0.190500 ms CreateObjectMapping: 0.064200 ms MarkObjects: 2.770700 ms  DeleteObjects: 0.015400 ms)

AssetImportParameters requested are different than current active one (requested -> active):
  custom:framework-win-MediaFoundation: 216162199b28c13a410421893ffa2e32 -> 
  custom:video-decoder-ogg-theora: a1e56fd34408186e4bbccfd4996cb3dc -> 
  custom:container-muxer-webm: aa71ff27fc2769a1b78a27578f13a17b -> 
  custom:container-demuxer-webm: 4f35f7cbe854078d1ac9338744f61a02 -> 
  custom:container-demuxer-ogg: 62fdf1f143b41e24485cea50d1cbac27 -> 
  custom:video-encoder-webm-vp8: eb34c28f22e8b96e1ab97ce403110664 -> 
  custom:video-decoder-webm-vp8: 9c59270c3fd7afecdb556c50c9e8de78 -> 
  custom:audio-decoder-ogg-vorbis: bf7c407c2cedff20999df2af8eb42d56 -> 
  custom:audio-encoder-webm-vorbis: bf7c407c2cedff20999df2af8eb42d56 -> 
========================================================================
Received Prepare
Registering precompiled user dll's ...
Registered in 0.006219 seconds.
Begin MonoManager ReloadAssembly
Native extension for WindowsStandalone target not found
Refreshing native plugins compatible for Editor in 0.42 ms, found 3 plugins.
Preloading 0 native plugins for Editor in 0.00 ms.
Mono: successfully reloaded assembly
- Completed reload, in  0.954 seconds
Domain Reload Profiling:
	ReloadAssembly (954ms)
		BeginReloadAssembly (109ms)
			ExecutionOrderSort (0ms)
			DisableScriptedObjects (5ms)
			BackupInstance (0ms)
			ReleaseScriptingObjects (0ms)
			CreateAndSetChildDomain (31ms)
		EndReloadAssembly (789ms)
			LoadAssemblies (86ms)
			RebuildTransferFunctionScriptingTraits (0ms)
			SetupTypeCache (245ms)
			ReleaseScriptCaches (1ms)
			RebuildScriptCaches (37ms)
			SetupLoadedEditorAssemblies (322ms)
				LogAssemblyErrors (0ms)
				InitializePlatformSupportModulesInManaged (4ms)
				SetLoadedEditorAssemblies (0ms)
				RefreshPlugins (0ms)
				BeforeProcessingInitializeOnLoad (66ms)
				ProcessInitializeOnLoadAttributes (240ms)
				ProcessInitializeOnLoadMethodAttributes (5ms)
				AfterProcessingInitializeOnLoad (6ms)
				EditorAssembliesLoaded (0ms)
			ExecutionOrderSort2 (0ms)
			AwakeInstancesAfterBackupRestoration (9ms)
Platform modules already initialized, skipping
Refreshing native plugins compatible for Editor in 0.41 ms, found 3 plugins.
Preloading 0 native plugins for Editor in 0.00 ms.
Unloading 2083 Unused Serialized files (Serialized files now loaded: 0)
System memory in use before: 95.6 MB.
System memory in use after: 95.7 MB.

Unloading 16 unused Assets to reduce memory usage. Loaded Objects now: 2550.
Total: 2.844300 ms (FindLiveObjects: 0.171600 ms CreateObjectMapping: 0.072100 ms MarkObjects: 2.584200 ms  DeleteObjects: 0.015600 ms)

AssetImportParameters requested are different than current active one (requested -> active):
  custom:framework-win-MediaFoundation: 216162199b28c13a410421893ffa2e32 -> 
  custom:video-decoder-ogg-theora: a1e56fd34408186e4bbccfd4996cb3dc -> 
  custom:container-muxer-webm: aa71ff27fc2769a1b78a27578f13a17b -> 
  custom:container-demuxer-webm: 4f35f7cbe854078d1ac9338744f61a02 -> 
  custom:container-demuxer-ogg: 62fdf1f143b41e24485cea50d1cbac27 -> 
  custom:video-encoder-webm-vp8: eb34c28f22e8b96e1ab97ce403110664 -> 
  custom:video-decoder-webm-vp8: 9c59270c3fd7afecdb556c50c9e8de78 -> 
  custom:audio-decoder-ogg-vorbis: bf7c407c2cedff20999df2af8eb42d56 -> 
  custom:audio-encoder-webm-vorbis: bf7c407c2cedff20999df2af8eb42d56 -> 
========================================================================
Received Import Request.
  Time since last request: 311.822357 seconds.
  path: Assets/CatController.cs
  artifactKey: Guid(2f2fdb65f76634b4aa0d66dc4807ebf7) Importer(815301076,1909f56bfc062723c751e8b465ee728b)
Start importing Assets/CatController.cs using Guid(2f2fdb65f76634b4aa0d66dc4807ebf7) Importer(815301076,1909f56bfc062723c751e8b465ee728b)  -> (artifact id: '6ed05173db17c817312c0eb4b0c6ec55') in 0.008758 seconds 
  Import took 0.011778 seconds .

========================================================================
Received Import Request.
  Time since last request: 10.162172 seconds.
  path: Assets/CatController.cs
  artifactKey: Guid(2f2fdb65f76634b4aa0d66dc4807ebf7) Importer(815301076,1909f56bfc062723c751e8b465ee728b)
Start importing Assets/CatController.cs using Guid(2f2fdb65f76634b4aa0d66dc4807ebf7) Importer(815301076,1909f56bfc062723c751e8b465ee728b)  -> (artifact id: 'f4893bb66e04f8feae1aa12ace4d442b') in 0.002380 seconds 
  Import took 0.005900 seconds .

========================================================================
Received Prepare
Registering precompiled user dll's ...
Registered in 0.006155 seconds.
Begin MonoManager ReloadAssembly
Native extension for WindowsStandalone target not found
Refreshing native plugins compatible for Editor in 0.47 ms, found 3 plugins.
Preloading 0 native plugins for Editor in 0.00 ms.
Mono: successfully reloaded assembly
- Completed reload, in  0.954 seconds
Domain Reload Profiling:
	ReloadAssembly (954ms)
		BeginReloadAssembly (106ms)
			ExecutionOrderSort (0ms)
			DisableScriptedObjects (5ms)
			BackupInstance (0ms)
			ReleaseScriptingObjects (0ms)
			CreateAndSetChildDomain (28ms)
		EndReloadAssembly (792ms)
			LoadAssemblies (87ms)
			RebuildTransferFunctionScriptingTraits (0ms)
			SetupTypeCache (249ms)
			ReleaseScriptCaches (1ms)
			RebuildScriptCaches (37ms)
			SetupLoadedEditorAssemblies (325ms)
				LogAssemblyErrors (0ms)
				InitializePlatformSupportModulesInManaged (5ms)
				SetLoadedEditorAssemblies (0ms)
				RefreshPlugins (1ms)
				BeforeProcessingInitializeOnLoad (67ms)
				ProcessInitializeOnLoadAttributes (241ms)
				ProcessInitializeOnLoadMethodAttributes (5ms)
				AfterProcessingInitializeOnLoad (6ms)
				EditorAssembliesLoaded (0ms)
			ExecutionOrderSort2 (0ms)
			AwakeInstancesAfterBackupRestoration (9ms)
Platform modules already initialized, skipping
Refreshing native plugins compatible for Editor in 0.42 ms, found 3 plugins.
Preloading 0 native plugins for Editor in 0.00 ms.
Unloading 2082 Unused Serialized files (Serialized files now loaded: 0)
System memory in use before: 95.6 MB.
System memory in use after: 95.7 MB.

Unloading 17 unused Assets to reduce memory usage. Loaded Objects now: 2552.
Total: 3.066500 ms (FindLiveObjects: 0.175600 ms CreateObjectMapping: 0.061000 ms MarkObjects: 2.812200 ms  DeleteObjects: 0.017000 ms)

AssetImportParameters requested are different than current active one (requested -> active):
  custom:framework-win-MediaFoundation: 216162199b28c13a410421893ffa2e32 -> 
  custom:video-decoder-ogg-theora: a1e56fd34408186e4bbccfd4996cb3dc -> 
  custom:container-muxer-webm: aa71ff27fc2769a1b78a27578f13a17b -> 
  custom:container-demuxer-webm: 4f35f7cbe854078d1ac9338744f61a02 -> 
  custom:container-demuxer-ogg: 62fdf1f143b41e24485cea50d1cbac27 -> 
  custom:video-encoder-webm-vp8: eb34c28f22e8b96e1ab97ce403110664 -> 
  custom:video-decoder-webm-vp8: 9c59270c3fd7afecdb556c50c9e8de78 -> 
  custom:audio-decoder-ogg-vorbis: bf7c407c2cedff20999df2af8eb42d56 -> 
  custom:audio-encoder-webm-vorbis: bf7c407c2cedff20999df2af8eb42d56 -> 
========================================================================
Received Prepare
Registering precompiled user dll's ...
Registered in 0.006152 seconds.
Begin MonoManager ReloadAssembly
Native extension for WindowsStandalone target not found
Refreshing native plugins compatible for Editor in 0.42 ms, found 3 plugins.
Preloading 0 native plugins for Editor in 0.00 ms.
Mono: successfully reloaded assembly
- Completed reload, in  0.946 seconds
Domain Reload Profiling:
	ReloadAssembly (946ms)
		BeginReloadAssembly (97ms)
			ExecutionOrderSort (0ms)
			DisableScriptedObjects (6ms)
			BackupInstance (0ms)
			ReleaseScriptingObjects (0ms)
			CreateAndSetChildDomain (28ms)
		EndReloadAssembly (791ms)
			LoadAssemblies (87ms)
			RebuildTransferFunctionScriptingTraits (0ms)
			SetupTypeCache (254ms)
			ReleaseScriptCaches (1ms)
			RebuildScriptCaches (37ms)
			SetupLoadedEditorAssemblies (318ms)
				LogAssemblyErrors (0ms)
				InitializePlatformSupportModulesInManaged (4ms)
				SetLoadedEditorAssemblies (0ms)
				RefreshPlugins (0ms)
				BeforeProcessingInitializeOnLoad (65ms)
				ProcessInitializeOnLoadAttributes (236ms)
				ProcessInitializeOnLoadMethodAttributes (6ms)
				AfterProcessingInitializeOnLoad (6ms)
				EditorAssembliesLoaded (0ms)
			ExecutionOrderSort2 (0ms)
			AwakeInstancesAfterBackupRestoration (9ms)
Platform modules already initialized, skipping
Refreshing native plugins compatible for Editor in 0.41 ms, found 3 plugins.
Preloading 0 native plugins for Editor in 0.00 ms.
Unloading 2082 Unused Serialized files (Serialized files now loaded: 0)
System memory in use before: 95.6 MB.
System memory in use after: 95.7 MB.

Unloading 16 unused Assets to reduce memory usage. Loaded Objects now: 2555.
Total: 2.874900 ms (FindLiveObjects: 0.212900 ms CreateObjectMapping: 0.074500 ms MarkObjects: 2.568700 ms  DeleteObjects: 0.017600 ms)

AssetImportParameters requested are different than current active one (requested -> active):
  custom:framework-win-MediaFoundation: 216162199b28c13a410421893ffa2e32 -> 
  custom:video-decoder-ogg-theora: a1e56fd34408186e4bbccfd4996cb3dc -> 
  custom:container-muxer-webm: aa71ff27fc2769a1b78a27578f13a17b -> 
  custom:container-demuxer-webm: 4f35f7cbe854078d1ac9338744f61a02 -> 
  custom:container-demuxer-ogg: 62fdf1f143b41e24485cea50d1cbac27 -> 
  custom:video-encoder-webm-vp8: eb34c28f22e8b96e1ab97ce403110664 -> 
  custom:video-decoder-webm-vp8: 9c59270c3fd7afecdb556c50c9e8de78 -> 
  custom:audio-decoder-ogg-vorbis: bf7c407c2cedff20999df2af8eb42d56 -> 
  custom:audio-encoder-webm-vorbis: bf7c407c2cedff20999df2af8eb42d56 -> 
========================================================================
Received Prepare
Registering precompiled user dll's ...
Registered in 0.006420 seconds.
Begin MonoManager ReloadAssembly
Native extension for WindowsStandalone target not found
Refreshing native plugins compatible for Editor in 0.43 ms, found 3 plugins.
Preloading 0 native plugins for Editor in 0.00 ms.
Mono: successfully reloaded assembly
- Completed reload, in  0.932 seconds
Domain Reload Profiling:
	ReloadAssembly (932ms)
		BeginReloadAssembly (94ms)
			ExecutionOrderSort (0ms)
			DisableScriptedObjects (5ms)
			BackupInstance (0ms)
			ReleaseScriptingObjects (0ms)
			CreateAndSetChildDomain (28ms)
		EndReloadAssembly (782ms)
			LoadAssemblies (85ms)
			RebuildTransferFunctionScriptingTraits (0ms)
			SetupTypeCache (247ms)
			ReleaseScriptCaches (1ms)
			RebuildScriptCaches (38ms)
			SetupLoadedEditorAssemblies (316ms)
				LogAssemblyErrors (0ms)
				InitializePlatformSupportModulesInManaged (4ms)
				SetLoadedEditorAssemblies (0ms)
				RefreshPlugins (0ms)
				BeforeProcessingInitializeOnLoad (65ms)
				ProcessInitializeOnLoadAttributes (235ms)
				ProcessInitializeOnLoadMethodAttributes (5ms)
				AfterProcessingInitializeOnLoad (6ms)
				EditorAssembliesLoaded (0ms)
			ExecutionOrderSort2 (0ms)
			AwakeInstancesAfterBackupRestoration (9ms)
Platform modules already initialized, skipping
Refreshing native plugins compatible for Editor in 0.45 ms, found 3 plugins.
Preloading 0 native plugins for Editor in 0.00 ms.
Unloading 2082 Unused Serialized files (Serialized files now loaded: 0)
System memory in use before: 95.6 MB.
System memory in use after: 95.7 MB.

Unloading 16 unused Assets to reduce memory usage. Loaded Objects now: 2558.
Total: 2.847700 ms (FindLiveObjects: 0.181900 ms CreateObjectMapping: 0.060300 ms MarkObjects: 2.589200 ms  DeleteObjects: 0.015400 ms)

AssetImportParameters requested are different than current active one (requested -> active):
  custom:framework-win-MediaFoundation: 216162199b28c13a410421893ffa2e32 -> 
  custom:video-decoder-ogg-theora: a1e56fd34408186e4bbccfd4996cb3dc -> 
  custom:container-muxer-webm: aa71ff27fc2769a1b78a27578f13a17b -> 
  custom:container-demuxer-webm: 4f35f7cbe854078d1ac9338744f61a02 -> 
  custom:container-demuxer-ogg: 62fdf1f143b41e24485cea50d1cbac27 -> 
  custom:video-encoder-webm-vp8: eb34c28f22e8b96e1ab97ce403110664 -> 
  custom:video-decoder-webm-vp8: 9c59270c3fd7afecdb556c50c9e8de78 -> 
  custom:audio-decoder-ogg-vorbis: bf7c407c2cedff20999df2af8eb42d56 -> 
  custom:audio-encoder-webm-vorbis: bf7c407c2cedff20999df2af8eb42d56 -> 
========================================================================
Received Import Request.
  Time since last request: 117.010074 seconds.
  path: Assets/Scripts/CatController.cs
  artifactKey: Guid(2f2fdb65f76634b4aa0d66dc4807ebf7) Importer(815301076,1909f56bfc062723c751e8b465ee728b)
Start importing Assets/Scripts/CatController.cs using Guid(2f2fdb65f76634b4aa0d66dc4807ebf7) Importer(815301076,1909f56bfc062723c751e8b465ee728b)  -> (artifact id: '3756389d018731a2a4e9c2f5ed4366de') in 0.004469 seconds 
  Import took 0.007228 seconds .

========================================================================
Received Import Request.
  Time since last request: 236.011953 seconds.
  path: Assets/Animations/Idle (1).controller
  artifactKey: Guid(98705a44bcea8cc408b2eb726eeb6ee2) Importer(815301076,1909f56bfc062723c751e8b465ee728b)
Start importing Assets/Animations/Idle (1).controller using Guid(98705a44bcea8cc408b2eb726eeb6ee2) Importer(815301076,1909f56bfc062723c751e8b465ee728b)  -> (artifact id: 'dac90140760b83da1e0a5a8249adfb4e') in 0.014085 seconds 
  Import took 0.017216 seconds .

========================================================================
Received Prepare
Registering precompiled user dll's ...
Registered in 0.006507 seconds.
Begin MonoManager ReloadAssembly
Native extension for WindowsStandalone target not found
Refreshing native plugins compatible for Editor in 0.44 ms, found 3 plugins.
Preloading 0 native plugins for Editor in 0.00 ms.
Mono: successfully reloaded assembly
- Completed reload, in  1.027 seconds
Domain Reload Profiling:
	ReloadAssembly (1027ms)
		BeginReloadAssembly (107ms)
			ExecutionOrderSort (0ms)
			DisableScriptedObjects (6ms)
			BackupInstance (0ms)
			ReleaseScriptingObjects (0ms)
			CreateAndSetChildDomain (31ms)
		EndReloadAssembly (859ms)
			LoadAssemblies (93ms)
			RebuildTransferFunctionScriptingTraits (0ms)
			SetupTypeCache (272ms)
			ReleaseScriptCaches (1ms)
			RebuildScriptCaches (46ms)
			SetupLoadedEditorAssemblies (340ms)
				LogAssemblyErrors (0ms)
				InitializePlatformSupportModulesInManaged (4ms)
				SetLoadedEditorAssemblies (0ms)
				RefreshPlugins (1ms)
				BeforeProcessingInitializeOnLoad (68ms)
				ProcessInitializeOnLoadAttributes (254ms)
				ProcessInitializeOnLoadMethodAttributes (5ms)
				AfterProcessingInitializeOnLoad (6ms)
				EditorAssembliesLoaded (0ms)
			ExecutionOrderSort2 (0ms)
			AwakeInstancesAfterBackupRestoration (10ms)
Platform modules already initialized, skipping
Refreshing native plugins compatible for Editor in 0.44 ms, found 3 plugins.
Preloading 0 native plugins for Editor in 0.00 ms.
Unloading 2082 Unused Serialized files (Serialized files now loaded: 0)
System memory in use before: 95.6 MB.
System memory in use after: 95.8 MB.

Unloading 16 unused Assets to reduce memory usage. Loaded Objects now: 2561.
Total: 2.857300 ms (FindLiveObjects: 0.169000 ms CreateObjectMapping: 0.082400 ms MarkObjects: 2.588000 ms  DeleteObjects: 0.016700 ms)

AssetImportParameters requested are different than current active one (requested -> active):
  custom:framework-win-MediaFoundation: 216162199b28c13a410421893ffa2e32 -> 
  custom:video-decoder-ogg-theora: a1e56fd34408186e4bbccfd4996cb3dc -> 
  custom:container-muxer-webm: aa71ff27fc2769a1b78a27578f13a17b -> 
  custom:container-demuxer-webm: 4f35f7cbe854078d1ac9338744f61a02 -> 
  custom:container-demuxer-ogg: 62fdf1f143b41e24485cea50d1cbac27 -> 
  custom:video-encoder-webm-vp8: eb34c28f22e8b96e1ab97ce403110664 -> 
  custom:video-decoder-webm-vp8: 9c59270c3fd7afecdb556c50c9e8de78 -> 
  custom:audio-decoder-ogg-vorbis: bf7c407c2cedff20999df2af8eb42d56 -> 
  custom:audio-encoder-webm-vorbis: bf7c407c2cedff20999df2af8eb42d56 -> 
========================================================================
Received Prepare
Registering precompiled user dll's ...
Registered in 0.006303 seconds.
Begin MonoManager ReloadAssembly
Native extension for WindowsStandalone target not found
Refreshing native plugins compatible for Editor in 0.43 ms, found 3 plugins.
Preloading 0 native plugins for Editor in 0.00 ms.
Mono: successfully reloaded assembly
- Completed reload, in  0.938 seconds
Domain Reload Profiling:
	ReloadAssembly (938ms)
		BeginReloadAssembly (99ms)
			ExecutionOrderSort (0ms)
			DisableScriptedObjects (5ms)
			BackupInstance (0ms)
			ReleaseScriptingObjects (0ms)
			CreateAndSetChildDomain (27ms)
		EndReloadAssembly (783ms)
			LoadAssemblies (86ms)
			RebuildTransferFunctionScriptingTraits (0ms)
			SetupTypeCache (247ms)
			ReleaseScriptCaches (1ms)
			RebuildScriptCaches (37ms)
			SetupLoadedEditorAssemblies (319ms)
				LogAssemblyErrors (0ms)
				InitializePlatformSupportModulesInManaged (4ms)
				SetLoadedEditorAssemblies (0ms)
				RefreshPlugins (0ms)
				BeforeProcessingInitializeOnLoad (64ms)
				ProcessInitializeOnLoadAttributes (238ms)
				ProcessInitializeOnLoadMethodAttributes (5ms)
				AfterProcessingInitializeOnLoad (6ms)
				EditorAssembliesLoaded (0ms)
			ExecutionOrderSort2 (0ms)
			AwakeInstancesAfterBackupRestoration (9ms)
Platform modules already initialized, skipping
Refreshing native plugins compatible for Editor in 0.43 ms, found 3 plugins.
Preloading 0 native plugins for Editor in 0.00 ms.
Unloading 2082 Unused Serialized files (Serialized files now loaded: 0)
System memory in use before: 95.7 MB.
System memory in use after: 95.8 MB.

Unloading 16 unused Assets to reduce memory usage. Loaded Objects now: 2564.
Total: 2.956100 ms (FindLiveObjects: 0.182100 ms CreateObjectMapping: 0.065600 ms MarkObjects: 2.691500 ms  DeleteObjects: 0.016100 ms)

AssetImportParameters requested are different than current active one (requested -> active):
  custom:framework-win-MediaFoundation: 216162199b28c13a410421893ffa2e32 -> 
  custom:video-decoder-ogg-theora: a1e56fd34408186e4bbccfd4996cb3dc -> 
  custom:container-muxer-webm: aa71ff27fc2769a1b78a27578f13a17b -> 
  custom:container-demuxer-webm: 4f35f7cbe854078d1ac9338744f61a02 -> 
  custom:container-demuxer-ogg: 62fdf1f143b41e24485cea50d1cbac27 -> 
  custom:video-encoder-webm-vp8: eb34c28f22e8b96e1ab97ce403110664 -> 
  custom:video-decoder-webm-vp8: 9c59270c3fd7afecdb556c50c9e8de78 -> 
  custom:audio-decoder-ogg-vorbis: bf7c407c2cedff20999df2af8eb42d56 -> 
  custom:audio-encoder-webm-vorbis: bf7c407c2cedff20999df2af8eb42d56 -> 
========================================================================
Received Import Request.
  Time since last request: 576.202839 seconds.
  path: Assets/Scripts/CatController.cs
  artifactKey: Guid(2f2fdb65f76634b4aa0d66dc4807ebf7) Importer(815301076,1909f56bfc062723c751e8b465ee728b)
Start importing Assets/Scripts/CatController.cs using Guid(2f2fdb65f76634b4aa0d66dc4807ebf7) Importer(815301076,1909f56bfc062723c751e8b465ee728b)  -> (artifact id: '4a8b718ebeba0c680b97f87b4cb8a305') in 0.004544 seconds 
  Import took 0.007313 seconds .

========================================================================
Received Prepare
Registering precompiled user dll's ...
Registered in 0.006253 seconds.
Begin MonoManager ReloadAssembly
Native extension for WindowsStandalone target not found
Refreshing native plugins compatible for Editor in 0.42 ms, found 3 plugins.
Preloading 0 native plugins for Editor in 0.00 ms.
Mono: successfully reloaded assembly
- Completed reload, in  0.934 seconds
Domain Reload Profiling:
	ReloadAssembly (935ms)
		BeginReloadAssembly (93ms)
			ExecutionOrderSort (0ms)
			DisableScriptedObjects (5ms)
			BackupInstance (0ms)
			ReleaseScriptingObjects (0ms)
			CreateAndSetChildDomain (27ms)
		EndReloadAssembly (785ms)
			LoadAssemblies (84ms)
			RebuildTransferFunctionScriptingTraits (0ms)
			SetupTypeCache (251ms)
			ReleaseScriptCaches (1ms)
			RebuildScriptCaches (37ms)
			SetupLoadedEditorAssemblies (319ms)
				LogAssemblyErrors (0ms)
				InitializePlatformSupportModulesInManaged (4ms)
				SetLoadedEditorAssemblies (0ms)
				RefreshPlugins (0ms)
				BeforeProcessingInitializeOnLoad (65ms)
				ProcessInitializeOnLoadAttributes (238ms)
				ProcessInitializeOnLoadMethodAttributes (5ms)
				AfterProcessingInitializeOnLoad (6ms)
				EditorAssembliesLoaded (0ms)
			ExecutionOrderSort2 (0ms)
			AwakeInstancesAfterBackupRestoration (9ms)
Platform modules already initialized, skipping
Refreshing native plugins compatible for Editor in 0.42 ms, found 3 plugins.
Preloading 0 native plugins for Editor in 0.00 ms.
Unloading 2082 Unused Serialized files (Serialized files now loaded: 0)
System memory in use before: 95.7 MB.
System memory in use after: 95.8 MB.

Unloading 16 unused Assets to reduce memory usage. Loaded Objects now: 2567.
Total: 3.051500 ms (FindLiveObjects: 0.177900 ms CreateObjectMapping: 0.058500 ms MarkObjects: 2.799300 ms  DeleteObjects: 0.015100 ms)

AssetImportParameters requested are different than current active one (requested -> active):
  custom:framework-win-MediaFoundation: 216162199b28c13a410421893ffa2e32 -> 
  custom:video-decoder-ogg-theora: a1e56fd34408186e4bbccfd4996cb3dc -> 
  custom:container-muxer-webm: aa71ff27fc2769a1b78a27578f13a17b -> 
  custom:container-demuxer-webm: 4f35f7cbe854078d1ac9338744f61a02 -> 
  custom:container-demuxer-ogg: 62fdf1f143b41e24485cea50d1cbac27 -> 
  custom:video-encoder-webm-vp8: eb34c28f22e8b96e1ab97ce403110664 -> 
  custom:video-decoder-webm-vp8: 9c59270c3fd7afecdb556c50c9e8de78 -> 
  custom:audio-decoder-ogg-vorbis: bf7c407c2cedff20999df2af8eb42d56 -> 
  custom:audio-encoder-webm-vorbis: bf7c407c2cedff20999df2af8eb42d56 -> 
AssetImportWorkerClient::OnTransportError - code=2 error=End of file
